<?xml version="1.0" encoding="UTF-8"?>
<!-- Generated by org.testng.reporters.JUnitXMLReporter -->
<testsuite hostname="DESKTOP-G3DD0U6" name="Default test" tests="4" failures="0" timestamp="10 Feb 2020 13:20:07 GMT" time="71.2" errors="0">
  <testcase name="validatePageTitleTest" time="0.056" classname="com.zoho.qa.tests.InventoryPageTest"/>
  <testcase name="clickOnItemsTest" time="0.146" classname="com.zoho.qa.tests.InventoryPageTest"/>
  <testcase name="clickOnItemsGroupTest" time="2.399" classname="com.zoho.qa.tests.InventoryPageTest"/>
  <testcase name="clickOnNewTest" time="0.182" classname="com.zoho.qa.tests.InventoryPageTest"/>
</testsuite> <!-- Default test -->
